opencv/build/outputs/logs/manifest-merger-debug-report.txt
-- Merging decision tree log ---
manifest
ADDED from EdgeDetectionApp\opencv\AndroidManifest.xml:1:1-3:12
INJECTED from EdgeDetectionApp\opencv\AndroidManifest.xml:1:1-3:12
	package
		ADDED from EdgeDetectionApp\opencv\AndroidManifest.xml:2:5-25
		INJECTED from EdgeDetectionApp\opencv\AndroidManifest.xml
	xmlns:android
		ADDED from EdgeDetectionApp\opencv\AndroidManifest.xml:1:11-69
uses-sdk
INJECTED from EdgeDetectionApp\opencv\AndroidManifest.xml reason: use-sdk injection requested
INJECTED from EdgeDetectionApp\opencv\AndroidManifest.xml
INJECTED from EdgeDetectionApp\opencv\AndroidManifest.xml
	android:targetSdkVersion
		INJECTED from EdgeDetectionApp\opencv\AndroidManifest.xml
	android:minSdkVersion
		INJECTED from EdgeDetectionApp\opencv\AndroidManifest.xml